[    2273ms] [ERROR] Failed to load resource: the server responded with a status of 404 () @ https://web.archive.org/web/20251012013734/http://web.archive.org/screenshot/https://support-developer.riotgames.com/hc/en-us/articles/22801383038867-Production-Key-Applications:0
[    2784ms] [LOG] Error setting href =  @ https://web-static.archive.org/_static/js/wombat.js?v=o9P2E1FK:20
[    3759ms] TypeError: Cannot read properties of null (reading 'addEventListener')
    at https://web.archive.org/web/20251012013734js_/https://support-developer.riotgames.com/hc/theming_assets/43400/22122428112019/script.js?digest=30036565828243:35:16
[    3761ms] [ERROR] Failed to load resource: net::ERR_NAME_NOT_RESOLVED @ https://athena.archive.org/0.gif?service=wb&server_name=wwwb-app206.us.archive.org&server_ms=287&kind=pageview&timediff=0&locale=en-US&referrer=-&loadtime=2579&nav_to_done_ms=3754&iaprop_fontSize=25.6px&iaprop_devicePixelRatio=1&version=2&count=13:0
[    3818ms] [LOG] ErrorEvent @ https://web.archive.org/web/20251012013734js_/https://static.zdassets.com/hc/assets/hc_enduser-49830afbf3d5f34f9b9a41d79c36feda.js:10
[    3818ms] NetworkError: Failed to execute 'importScripts' on 'WorkerGlobalScope': The script at 'https://web-static.archive.org/_static/wombatWorkers.js' failed to load.
    at blob:https://web.archive.org/5748af65-bb7f-463b-ae01-e21c60adf1f1:1:20
    at blob:https://web.archive.org/5748af65-bb7f-463b-ae01-e21c60adf1f1:1:324
[    4199ms] [ERROR] Failed to load resource: the server responded with a status of 404 () @ https://web.archive.org/web/20251003175219/https://support-developer.riotgames.com/hc/activity:0
[    4228ms] [ERROR] Failed to load resource: the server responded with a status of 404 () @ https://web.archive.org/web/20251012013734/https://support-developer.riotgames.com/api/v2/help_center/en-us/articles/22801383038867/stats/view.json:0
[    4630ms] [WARNING] Skipping message event to https://web.archive.org/web/20251012011945/https://cmp.osano.com doesn't start with origin https://cmp.osano.com @ https://web-static.archive.org/_static/js/wombat.js?v=o9P2E1FK:20
[    4639ms] [WARNING] Skipping message event to https://web.archive.org/web/20251012011945/https://cmp.osano.com doesn't start with origin https://cmp.osano.com @ https://web-static.archive.org/_static/js/wombat.js?v=o9P2E1FK:20
[    4650ms] [WARNING] Skipping message event to https://web.archive.org/web/20251012011945/https://cmp.osano.com doesn't start with origin https://cmp.osano.com @ https://web-static.archive.org/_static/js/wombat.js?v=o9P2E1FK:20
[    4660ms] [WARNING] Skipping message event to https://web.archive.org/web/20251012011945/https://cmp.osano.com doesn't start with origin https://cmp.osano.com @ https://web-static.archive.org/_static/js/wombat.js?v=o9P2E1FK:20
[    4670ms] [WARNING] Skipping message event to https://web.archive.org/web/20251012011945/https://cmp.osano.com doesn't start with origin https://cmp.osano.com @ https://web-static.archive.org/_static/js/wombat.js?v=o9P2E1FK:20
[    4680ms] [WARNING] Skipping message event to https://web.archive.org/web/20251012011945/https://cmp.osano.com doesn't start with origin https://cmp.osano.com @ https://web-static.archive.org/_static/js/wombat.js?v=o9P2E1FK:20
[    4691ms] [WARNING] Skipping message event to https://web.archive.org/web/20251012011945/https://cmp.osano.com doesn't start with origin https://cmp.osano.com @ https://web-static.archive.org/_static/js/wombat.js?v=o9P2E1FK:20
[    4701ms] [WARNING] Skipping message event to https://web.archive.org/web/20251012011945/https://cmp.osano.com doesn't start with origin https://cmp.osano.com @ https://web-static.archive.org/_static/js/wombat.js?v=o9P2E1FK:20
[    4711ms] [WARNING] Skipping message event to https://web.archive.org/web/20251012011945/https://cmp.osano.com doesn't start with origin https://cmp.osano.com @ https://web-static.archive.org/_static/js/wombat.js?v=o9P2E1FK:20
[    4721ms] [WARNING] Skipping message event to https://web.archive.org/web/20251012011945/https://cmp.osano.com doesn't start with origin https://cmp.osano.com @ https://web-static.archive.org/_static/js/wombat.js?v=o9P2E1FK:20
[    4911ms] [WARNING] Skipping message event to https://web.archive.org/web/20251012011945/https://cmp.osano.com doesn't start with origin https://cmp.osano.com @ https://web-static.archive.org/_static/js/wombat.js?v=o9P2E1FK:20
[    5803ms] [LOG] Images being preloaded @ https://web.archive.org/web/20251003175219/https://lolstatic-a.akamaihd.net/riotbar/live/latest/support-riotgames-devrel.en_US.js:13
[   11016ms] [ERROR] Failed to load resource: the server responded with a status of 404 () @ https://web.archive.org/web/20251011174455/https://xsso.riotgames.comcheck-session-iframe:0
[   11537ms] [LOG] donation-banner loaded {version: 1.1.1} @ https://archive.org/includes/build/js/archive.min.js?v=a50e2a7a:400
[   11569ms] [ERROR] Failed to load resource: net::ERR_NAME_NOT_RESOLVED @ https://athena.archive.org/0.gif?cache_bust=0.4967446032656858&kind=track_js&track_js_case=external_executes&service=ao_2&version=2&count=6:0
[   11726ms] [ERROR] Failed to load resource: net::ERR_NAME_NOT_RESOLVED @ https://athena.archive.org/0.gif?path=%2Fweb&service=wb&server_name=wwwb-app206.us.archive.org&server_ms=4660&kind=pageview&timediff=0&locale=en-US&referrer=https%3A%2F%2Fweb.archive.org%2Fweb%2F20251012013734%2Fhttps%3A%2F%2Fsupport-developer.riotgames.com%2Fhc%2Fen-us%2Farticles%2F22801383038867-Production-Key-Applications&loadtime=703&nav_to_done_ms=5525&iaprop_fontSize=16px&iaprop_devicePixelRatio=0.5&version=2&count=14:0
[   12177ms] [ERROR] Failed to load resource: the server responded with a status of 404 () @ https://web.archive.org/web/20251011174455/https://xsso.riotgames.comriot-owned-iframe:0
[   12190ms] [LOG] donation-banner loaded {version: 1.1.1} @ https://archive.org/includes/build/js/archive.min.js?v=a50e2a7a:400
[   12212ms] [ERROR] Failed to load resource: net::ERR_NAME_NOT_RESOLVED @ https://athena.archive.org/0.gif?cache_bust=0.6835602854646605&kind=track_js&track_js_case=external_executes&service=ao_2&version=2&count=6:0
[   12212ms] [ERROR] Failed to load resource: net::ERR_NAME_NOT_RESOLVED @ https://athena.archive.org/0.gif?path=%2Fweb&service=wb&server_name=wwwb-app206.us.archive.org&server_ms=299&kind=pageview&timediff=0&locale=en-US&referrer=https%3A%2F%2Fweb.archive.org%2Fweb%2F20251012013734%2Fhttps%3A%2F%2Fsupport-developer.riotgames.com%2Fhc%2Fen-us%2Farticles%2F22801383038867-Production-Key-Applications&loadtime=30&nav_to_done_ms=484&iaprop_fontSize=16px&iaprop_devicePixelRatio=0.5&version=2&count=14:0
[   15213ms] [WARNING] The resource https://web.archive.org/web/20251012013734/https://cmp.osano.com/16BZ95S4qp9Kl2gUA/c84de61e-21d7-4a4a-9591-3d3a28fb5b1d/osano.js was preloaded using link preload but not used within a few seconds from the window's load event. Please make sure it has an appropriate `as` value and it is preloaded intentionally. @ https://web.archive.org/web/20251012013734/https://support-developer.riotgames.com/hc/en-us/articles/22801383038867-Production-Key-Applications:0
